#
# A fatal error has been detected by the Java Runtime Environment:
#
#  EXCEPTION_ACCESS_VIOLATION (0xc0000005) at pc=0x000000000261c075, pid=13724, tid=13260
#
# JRE version: Java(TM) SE Runtime Environment (8.0_45-b15) (build 1.8.0_45-b15)
# Java VM: Java HotSpot(TM) 64-Bit Server VM (25.45-b02 mixed mode windows-amd64 compressed oops)
# Problematic frame:
# J 1274 C1 sun.awt.SunToolkit.getAppContext(Ljava/lang/Object;)Lsun/awt/AppContext; (42 bytes) @ 0x000000000261c075 [0x000000000261c000+0x75]
#
# Failed to write core dump. Minidumps are not enabled by default on client versions of Windows
#
# If you would like to submit a bug report, please visit:
#   http://bugreport.java.com/bugreport/crash.jsp
#

---------------  T H R E A D  ---------------

Current thread (0x000000001be6e800):  JavaThread "AWT-EventQueue-0" [_thread_in_Java, id=13260, stack(0x000000001d720000,0x000000001d820000)]

siginfo: ExceptionCode=0xc0000005, reading address 0x00000000a2819770

Registers:
RAX=0x000000001463aec0, RBX=0x0000000100070240, RCX=0x0000000019af6008, RDX=0x0000000014503340
RSP=0x000000001d819ab0, RBP=0x000000001d819bc0, RSI=0x00000000000018e8, RDI=0x00000000a2819740
R8 =0x000000001463ae10, R9 =0x00000000f1132678, R10=0x00000000734bbba0, R11=0x0000000002628da0
R12=0x0000000000000000, R13=0x000000001d819b78, R14=0x000000001d819bd0, R15=0x000000001be6e800
RIP=0x000000000261c075, EFLAGS=0x0000000000010202

Top of Stack: (sp=0x000000001d819ab0)
0x000000001d819ab0:   00000000c2f85f30 000000001be6e800
0x000000001d819ac0:   0000000000000000 00000000f1132678
0x000000001d819ad0:   000000001d819b70 00000000020d78a7
0x000000001d819ae0:   0000000014503340 00000000020c7a70
0x000000001d819af0:   000000001d819bc0 0000000002628e3c
0x000000001d819b00:   00000000f11383d8 000000001d819b08
0x000000001d819b10:   0000000019775a61 000000001d819b58
0x000000001d819b20:   0000000019775e00 0000000000000000
0x000000001d819b30:   0000000014503340 0000000000000000
0x000000001d819b40:   000000001d819b58 000000001d819bb0
0x000000001d819b50:   00000000f1132678 00000000f11bf738
0x000000001d819b60:   000000001d819bc0 00000000020c7a70
0x000000001d819b70:   00000000020c7a70 0000000014503340
0x000000001d819b80:   000000001d819b80 000000001488d93d
0x000000001d819b90:   000000001d819bd0 0000000019af6008
0x000000001d819ba0:   0000000000000000 000000001488d958 

Instructions: (pc=0x000000000261c075)
0x000000000261c055:   81 8f 00 01 00 00 00 01 00 00 e9 c1 00 00 00 48
0x000000000261c065:   bb 40 02 07 00 01 00 00 00 8b 7a 08 48 c1 e7 03
0x000000000261c075:   48 3b 5f 30 0f 85 8a 00 00 00 48 bf 18 64 af 19
0x000000000261c085:   00 00 00 00 8b 5a 08 48 c1 e3 03 48 3b 9f 10 01 


Register to memory mapping:

RAX={method} {0x000000001463aec8} 'targetToAppContext' '(Ljava/lang/Object;)Lsun/awt/AppContext;' in 'sun/awt/SunToolkit'
RBX=0x0000000100070240 is pointing into metadata
RCX=0x0000000019af6008 is pointing into metadata
RDX={method} {0x0000000014503348} 'set' '(Ljavax/vecmath/Tuple3d;)V' in 'javax/vecmath/Tuple3d'
RSP=0x000000001d819ab0 is pointing into the stack for thread: 0x000000001be6e800
RBP=0x000000001d819bc0 is pointing into the stack for thread: 0x000000001be6e800
RSI=0x00000000000018e8 is an unknown value
RDI=0x00000000a2819740 is an unknown value
R8 ={method} {0x000000001463ae18} 'getAppContext' '(Ljava/lang/Object;)Lsun/awt/AppContext;' in 'sun/awt/SunToolkit'
R9 =0x00000000f1132678 is an oop
java.lang.Class 
 - klass: 'java/lang/Class'
R10=0x00000000734bbba0 is an unknown value
R11=0x0000000002628da0 is at entry_point+0 in (nmethod*)0x0000000002628c10
R12=0x0000000000000000 is an unknown value
R13=0x000000001d819b78 is pointing into the stack for thread: 0x000000001be6e800
R14=0x000000001d819bd0 is pointing into the stack for thread: 0x000000001be6e800
R15=0x000000001be6e800 is a thread


Stack: [0x000000001d720000,0x000000001d820000],  sp=0x000000001d819ab0,  free space=998k
Native frames: (J=compiled Java code, j=interpreted, Vv=VM code, C=native code)
C  0x000000000261c075


---------------  P R O C E S S  ---------------

Java Threads: ( => current thread )
  0x000000001a0fd800 JavaThread "J3D-InputDeviceScheduler-2" [_thread_blocked, id=12056, stack(0x0000000021870000,0x0000000021970000)]
  0x0000000017a73000 JavaThread "J3D-SoundSchedulerUpdateThread-2" [_thread_blocked, id=14044, stack(0x0000000021770000,0x0000000021870000)]
  0x0000000017a72000 JavaThread "J3D-RenderStructureUpdateThread-2" [_thread_blocked, id=13904, stack(0x0000000021670000,0x0000000021770000)]
  0x0000000017a6d000 JavaThread "J3D-InputDeviceScheduler-1" [_thread_blocked, id=14328, stack(0x000000001e020000,0x000000001e120000)]
  0x0000000017a73800 JavaThread "J3D-SoundSchedulerUpdateThread-1" [_thread_blocked, id=13584, stack(0x000000001df20000,0x000000001e020000)]
  0x0000000017a70800 JavaThread "J3D-RenderStructureUpdateThread-1" [_thread_blocked, id=13364, stack(0x000000001de20000,0x000000001df20000)]
  0x0000000017a6f000 JavaThread "J3D-BehaviorScheduler-1" [_thread_blocked, id=13380, stack(0x000000001dd20000,0x000000001de20000)]
  0x0000000017a6d800 JavaThread "J3D-TransformStructureUpdateThread-1" [_thread_blocked, id=4472, stack(0x000000001dc20000,0x000000001dd20000)]
  0x0000000017a71800 JavaThread "J3D-RenderingEnvironmentStructureUpdateThread-1" [_thread_blocked, id=12072, stack(0x000000001db20000,0x000000001dc20000)]
  0x0000000017a70000 JavaThread "J3D-SoundStructureUpdateThread-1" [_thread_blocked, id=10776, stack(0x000000001da20000,0x000000001db20000)]
  0x0000000017a6e800 JavaThread "J3D-GeometryStructureUpdateThread-1" [_thread_blocked, id=12720, stack(0x000000001d920000,0x000000001da20000)]
  0x000000001a356800 JavaThread "J3D-BehaviorStructureUpdateThread-1" [_thread_blocked, id=13164, stack(0x000000001d820000,0x000000001d920000)]
  0x0000000001fc0800 JavaThread "DestroyJavaVM" [_thread_blocked, id=13832, stack(0x0000000001e10000,0x0000000001f10000)]
=>0x000000001be6e800 JavaThread "AWT-EventQueue-0" [_thread_in_Java, id=13260, stack(0x000000001d720000,0x000000001d820000)]
  0x0000000019f3f000 JavaThread "AWT-Shutdown" [_thread_blocked, id=4380, stack(0x000000001d620000,0x000000001d720000)]
  0x0000000017742000 JavaThread "J3D-Renderer-1" [_thread_blocked, id=9428, stack(0x00000000188c0000,0x00000000189c0000)]
  0x000000001774c800 JavaThread "J3D-MasterControl-1" [_thread_blocked, id=13988, stack(0x00000000187c0000,0x00000000188c0000)]
  0x000000001787e000 JavaThread "J3D-NotificationThread" [_thread_blocked, id=13664, stack(0x00000000186c0000,0x00000000187c0000)]
  0x000000001771d000 JavaThread "J3D-TimerThread" [_thread_blocked, id=3236, stack(0x00000000185c0000,0x00000000186c0000)]
  0x00000000177fe800 JavaThread "J3D-RenderingAttributesStructureUpdateThread" [_thread_blocked, id=13048, stack(0x00000000184c0000,0x00000000185c0000)]
  0x0000000017714800 JavaThread "AWT-Windows" daemon [_thread_in_native, id=13728, stack(0x00000000181b0000,0x00000000182b0000)]
  0x00000000177bb800 JavaThread "Java2D Disposer" daemon [_thread_blocked, id=13772, stack(0x0000000017fb0000,0x00000000180b0000)]
  0x0000000016b70800 JavaThread "Service Thread" daemon [_thread_blocked, id=13836, stack(0x00000000174b0000,0x00000000175b0000)]
  0x0000000016aea800 JavaThread "C1 CompilerThread3" daemon [_thread_blocked, id=13532, stack(0x00000000173b0000,0x00000000174b0000)]
  0x0000000016ae5800 JavaThread "C2 CompilerThread2" daemon [_thread_blocked, id=13652, stack(0x00000000172b0000,0x00000000173b0000)]
  0x0000000016add800 JavaThread "C2 CompilerThread1" daemon [_thread_blocked, id=13856, stack(0x00000000171b0000,0x00000000172b0000)]
  0x0000000016ada800 JavaThread "C2 CompilerThread0" daemon [_thread_blocked, id=13628, stack(0x00000000170b0000,0x00000000171b0000)]
  0x0000000016ad6000 JavaThread "Attach Listener" daemon [_thread_blocked, id=13596, stack(0x0000000016fb0000,0x00000000170b0000)]
  0x0000000016ad5000 JavaThread "Signal Dispatcher" daemon [_thread_blocked, id=13612, stack(0x0000000016eb0000,0x0000000016fb0000)]
  0x00000000020b9800 JavaThread "Finalizer" daemon [_thread_blocked, id=13972, stack(0x00000000169b0000,0x0000000016ab0000)]
  0x0000000014add000 JavaThread "Reference Handler" daemon [_thread_blocked, id=8128, stack(0x00000000168b0000,0x00000000169b0000)]

Other Threads:
  0x0000000014ad9000 VMThread [stack: 0x00000000167b0000,0x00000000168b0000] [id=10200]
  0x0000000016b72800 WatcherThread [stack: 0x00000000175b0000,0x00000000176b0000] [id=14040]

VM state:not at safepoint (normal execution)

VM Mutex/Monitor currently owned by a thread: None

Heap:
 PSYoungGen      total 146432K, used 136660K [0x00000000eb400000, 0x00000000f5c00000, 0x0000000100000000)
  eden space 128512K, 93% used [0x00000000eb400000,0x00000000f290f558,0x00000000f3180000)
  from space 17920K, 93% used [0x00000000f4580000,0x00000000f55e5d28,0x00000000f5700000)
  to   space 20480K, 0% used [0x00000000f3180000,0x00000000f3180000,0x00000000f4580000)
 ParOldGen       total 44032K, used 24574K [0x00000000c1c00000, 0x00000000c4700000, 0x00000000eb400000)
  object space 44032K, 55% used [0x00000000c1c00000,0x00000000c33ff8d8,0x00000000c4700000)
 Metaspace       used 15916K, capacity 16106K, committed 16256K, reserved 1062912K
  class space    used 1794K, capacity 1871K, committed 1920K, reserved 1048576K

Card table byte_map: [0x0000000011480000,0x0000000011680000] byte_map_base: 0x0000000010e72000

Marking Bits: (ParMarkBitMap*) 0x00000000734d4040
 Begin Bits: [0x0000000011fd0000, 0x0000000012f60000)
 End Bits:   [0x0000000012f60000, 0x0000000013ef0000)

Polling page: 0x00000000005a0000

CodeCache: size=245760Kb used=6449Kb max_used=6449Kb free=239310Kb
 bounds [0x00000000020c0000, 0x0000000002710000, 0x00000000110c0000]
 total_blobs=2091 nmethods=1457 adapters=547
 compilation: enabled

Compilation events (10 events):
Event: 12.742 Thread 0x0000000016aea800 nmethod 1456 0x0000000002707810 code [0x0000000002707a00, 0x0000000002708528]
Event: 12.742 Thread 0x0000000016aea800 1453       3       java.awt.EventQueue$3::run (60 bytes)
Event: 12.742 Thread 0x0000000016aea800 nmethod 1453 0x0000000002708750 code [0x0000000002708900, 0x0000000002708db8]
Event: 12.742 Thread 0x0000000016aea800 1454       3       java.awt.EventQueue::access$500 (7 bytes)
Event: 12.742 Thread 0x0000000016aea800 nmethod 1454 0x0000000002708fd0 code [0x0000000002709140, 0x00000000027092a8]
Event: 12.742 Thread 0x0000000016aea800 1455       3       java.awt.EventQueue::dispatchEventImpl (149 bytes)
Event: 12.743 Thread 0x0000000016aea800 nmethod 1455 0x0000000002709390 code [0x0000000002709700, 0x000000000270b598]
Event: 13.274 Thread 0x0000000016aea800 1457   !   3       java.awt.EventQueue::getNextEvent (84 bytes)
Event: 13.275 Thread 0x0000000016aea800 nmethod 1457 0x000000000270bf50 code [0x000000000270c160, 0x000000000270cb08]
Event: 13.365 Thread 0x0000000016aea800 1458       3       java.awt.EventDispatchThread$HierarchyEventFilter::acceptEvent (225 bytes)

GC Heap History (10 events):
Event: 0.965 GC heap before
{Heap before GC invocations=4 (full 0):
 PSYoungGen      total 18944K, used 18943K [0x00000000eb400000, 0x00000000ed900000, 0x0000000100000000)
  eden space 16384K, 100% used [0x00000000eb400000,0x00000000ec400000,0x00000000ec400000)
  from space 2560K, 99% used [0x00000000ec400000,0x00000000ec67fd70,0x00000000ec680000)
  to   space 2560K, 0% used [0x00000000ed680000,0x00000000ed680000,0x00000000ed900000)
 ParOldGen       total 44032K, used 13928K [0x00000000c1c00000, 0x00000000c4700000, 0x00000000eb400000)
  object space 44032K, 31% used [0x00000000c1c00000,0x00000000c299a2a8,0x00000000c4700000)
 Metaspace       used 11317K, capacity 11518K, committed 11520K, reserved 1058816K
  class space    used 1200K, capacity 1280K, committed 1280K, reserved 1048576K
Event: 0.969 GC heap after
Heap after GC invocations=4 (full 0):
 PSYoungGen      total 35328K, used 2529K [0x00000000eb400000, 0x00000000ed900000, 0x0000000100000000)
  eden space 32768K, 0% used [0x00000000eb400000,0x00000000eb400000,0x00000000ed400000)
  from space 2560K, 98% used [0x00000000ed680000,0x00000000ed8f8720,0x00000000ed900000)
  to   space 2560K, 0% used [0x00000000ed400000,0x00000000ed400000,0x00000000ed680000)
 ParOldGen       total 44032K, used 16285K [0x00000000c1c00000, 0x00000000c4700000, 0x00000000eb400000)
  object space 44032K, 36% used [0x00000000c1c00000,0x00000000c2be7628,0x00000000c4700000)
 Metaspace       used 11317K, capacity 11518K, committed 11520K, reserved 1058816K
  class space    used 1200K, capacity 1280K, committed 1280K, reserved 1048576K
}
Event: 1.097 GC heap before
{Heap before GC invocations=5 (full 0):
 PSYoungGen      total 35328K, used 35297K [0x00000000eb400000, 0x00000000ed900000, 0x0000000100000000)
  eden space 32768K, 100% used [0x00000000eb400000,0x00000000ed400000,0x00000000ed400000)
  from space 2560K, 98% used [0x00000000ed680000,0x00000000ed8f8720,0x00000000ed900000)
  to   space 2560K, 0% used [0x00000000ed400000,0x00000000ed400000,0x00000000ed680000)
 ParOldGen       total 44032K, used 16285K [0x00000000c1c00000, 0x00000000c4700000, 0x00000000eb400000)
  object space 44032K, 36% used [0x00000000c1c00000,0x00000000c2be7628,0x00000000c4700000)
 Metaspace       used 11414K, capacity 11646K, committed 11776K, reserved 1060864K
  class space    used 1203K, capacity 1280K, committed 1280K, reserved 1048576K
Event: 1.101 GC heap after
Heap after GC invocations=5 (full 0):
 PSYoungGen      total 35328K, used 2554K [0x00000000eb400000, 0x00000000f1000000, 0x0000000100000000)
  eden space 32768K, 0% used [0x00000000eb400000,0x00000000eb400000,0x00000000ed400000)
  from space 2560K, 99% used [0x00000000ed400000,0x00000000ed67e880,0x00000000ed680000)
  to   space 14336K, 0% used [0x00000000f0200000,0x00000000f0200000,0x00000000f1000000)
 ParOldGen       total 44032K, used 19765K [0x00000000c1c00000, 0x00000000c4700000, 0x00000000eb400000)
  object space 44032K, 44% used [0x00000000c1c00000,0x00000000c2f4d658,0x00000000c4700000)
 Metaspace       used 11414K, capacity 11646K, committed 11776K, reserved 1060864K
  class space    used 1203K, capacity 1280K, committed 1280K, reserved 1048576K
}
Event: 1.177 GC heap before
{Heap before GC invocations=6 (full 0):
 PSYoungGen      total 35328K, used 35322K [0x00000000eb400000, 0x00000000f1000000, 0x0000000100000000)
  eden space 32768K, 100% used [0x00000000eb400000,0x00000000ed400000,0x00000000ed400000)
  from space 2560K, 99% used [0x00000000ed400000,0x00000000ed67e880,0x00000000ed680000)
  to   space 14336K, 0% used [0x00000000f0200000,0x00000000f0200000,0x00000000f1000000)
 ParOldGen       total 44032K, used 19765K [0x00000000c1c00000, 0x00000000c4700000, 0x00000000eb400000)
  object space 44032K, 44% used [0x00000000c1c00000,0x00000000c2f4d658,0x00000000c4700000)
 Metaspace       used 11419K, capacity 11646K, committed 11776K, reserved 1060864K
  class space    used 1203K, capacity 1280K, committed 1280K, reserved 1048576K
Event: 1.181 GC heap after
Heap after GC invocations=6 (full 0):
 PSYoungGen      total 77824K, used 5231K [0x00000000eb400000, 0x00000000f0e00000, 0x0000000100000000)
  eden space 65536K, 0% used [0x00000000eb400000,0x00000000eb400000,0x00000000ef400000)
  from space 12288K, 42% used [0x00000000f0200000,0x00000000f071bc20,0x00000000f0e00000)
  to   space 13312K, 0% used [0x00000000ef400000,0x00000000ef400000,0x00000000f0100000)
 ParOldGen       total 44032K, used 19773K [0x00000000c1c00000, 0x00000000c4700000, 0x00000000eb400000)
  object space 44032K, 44% used [0x00000000c1c00000,0x00000000c2f4f658,0x00000000c4700000)
 Metaspace       used 11419K, capacity 11646K, committed 11776K, reserved 1060864K
  class space    used 1203K, capacity 1280K, committed 1280K, reserved 1048576K
}
Event: 1.296 GC heap before
{Heap before GC invocations=7 (full 0):
 PSYoungGen      total 77824K, used 70767K [0x00000000eb400000, 0x00000000f0e00000, 0x0000000100000000)
  eden space 65536K, 100% used [0x00000000eb400000,0x00000000ef400000,0x00000000ef400000)
  from space 12288K, 42% used [0x00000000f0200000,0x00000000f071bc20,0x00000000f0e00000)
  to   space 13312K, 0% used [0x00000000ef400000,0x00000000ef400000,0x00000000f0100000)
 ParOldGen       total 44032K, used 19773K [0x00000000c1c00000, 0x00000000c4700000, 0x00000000eb400000)
  object space 44032K, 44% used [0x00000000c1c00000,0x00000000c2f4f658,0x00000000c4700000)
 Metaspace       used 11419K, capacity 11646K, committed 11776K, reserved 1060864K
  class space    used 1203K, capacity 1280K, committed 1280K, reserved 1048576K
Event: 1.313 GC heap after
Heap after GC invocations=7 (full 0):
 PSYoungGen      total 78848K, used 13304K [0x00000000eb400000, 0x00000000f5700000, 0x0000000100000000)
  eden space 65536K, 0% used [0x00000000eb400000,0x00000000eb400000,0x00000000ef400000)
  from space 13312K, 99% used [0x00000000ef400000,0x00000000f00fe348,0x00000000f0100000)
  to   space 17920K, 0% used [0x00000000f4580000,0x00000000f4580000,0x00000000f5700000)
 ParOldGen       total 44032K, used 23985K [0x00000000c1c00000, 0x00000000c4700000, 0x00000000eb400000)
  object space 44032K, 54% used [0x00000000c1c00000,0x00000000c336c6b8,0x00000000c4700000)
 Metaspace       used 11419K, capacity 11646K, committed 11776K, reserved 1060864K
  class space    used 1203K, capacity 1280K, committed 1280K, reserved 1048576K
}
Event: 1.688 GC heap before
{Heap before GC invocations=8 (full 0):
 PSYoungGen      total 78848K, used 78840K [0x00000000eb400000, 0x00000000f5700000, 0x0000000100000000)
  eden space 65536K, 100% used [0x00000000eb400000,0x00000000ef400000,0x00000000ef400000)
  from space 13312K, 99% used [0x00000000ef400000,0x00000000f00fe348,0x00000000f0100000)
  to   space 17920K, 0% used [0x00000000f4580000,0x00000000f4580000,0x00000000f5700000)
 ParOldGen       total 44032K, used 23985K [0x00000000c1c00000, 0x00000000c4700000, 0x00000000eb400000)
  object space 44032K, 54% used [0x00000000c1c00000,0x00000000c336c6b8,0x00000000c4700000)
 Metaspace       used 11515K, capacity 11710K, committed 11776K, reserved 1060864K
  class space    used 1206K, capacity 1280K, committed 1280K, reserved 1048576K
Event: 1.697 GC heap after
Heap after GC invocations=8 (full 0):
 PSYoungGen      total 146432K, used 16791K [0x00000000eb400000, 0x00000000f5c00000, 0x0000000100000000)
  eden space 128512K, 0% used [0x00000000eb400000,0x00000000eb400000,0x00000000f3180000)
  from space 17920K, 93% used [0x00000000f4580000,0x00000000f55e5d28,0x00000000f5700000)
  to   space 20480K, 0% used [0x00000000f3180000,0x00000000f3180000,0x00000000f4580000)
 ParOldGen       total 44032K, used 24574K [0x00000000c1c00000, 0x00000000c4700000, 0x00000000eb400000)
  object space 44032K, 55% used [0x00000000c1c00000,0x00000000c33ff8d8,0x00000000c4700000)
 Metaspace       used 11515K, capacity 11710K, committed 11776K, reserved 1060864K
  class space    used 1206K, capacity 1280K, committed 1280K, reserved 1048576K
}

Deoptimization events (10 events):
Event: 2.087 Thread 0x0000000001fc0800 Uncommon trap: reason=unstable_if action=reinterpret pc=0x00000000023105d4 method=java.lang.AbstractStringBuilder.append(Ljava/lang/String;)Ljava/lang/AbstractStringBuilder; @ 1
Event: 2.091 Thread 0x0000000001fc0800 Uncommon trap: reason=unstable_if action=reinterpret pc=0x000000000241baec method=java.util.HashMap.hash(Ljava/lang/Object;)I @ 1
Event: 2.091 Thread 0x0000000001fc0800 Uncommon trap: reason=unstable_if action=reinterpret pc=0x00000000022d89b0 method=java.util.HashMap.hash(Ljava/lang/Object;)I @ 1
Event: 2.091 Thread 0x0000000001fc0800 Uncommon trap: reason=unstable_if action=reinterpret pc=0x000000000241da4c method=java.util.HashMap.resize()[Ljava/util/HashMap$Node; @ 56
Event: 2.096 Thread 0x0000000001fc0800 Uncommon trap: reason=unstable_if action=reinterpret pc=0x0000000002426ac8 method=java.lang.Integer.equals(Ljava/lang/Object;)Z @ 18
Event: 2.106 Thread 0x0000000017714800 Uncommon trap: reason=class_check action=maybe_recompile pc=0x00000000022e2e10 method=java.util.HashMap.putVal(ILjava/lang/Object;Ljava/lang/Object;ZZ)Ljava/lang/Object; @ 203
Event: 2.106 Thread 0x0000000017714800 Uncommon trap: reason=bimorphic action=maybe_recompile pc=0x00000000022e2dd0 method=java.util.HashMap.putVal(ILjava/lang/Object;Ljava/lang/Object;ZZ)Ljava/lang/Object; @ 91
Event: 2.106 Thread 0x0000000017714800 Uncommon trap: reason=class_check action=maybe_recompile pc=0x00000000022e2e10 method=java.util.HashMap.putVal(ILjava/lang/Object;Ljava/lang/Object;ZZ)Ljava/lang/Object; @ 203
Event: 2.106 Thread 0x0000000017714800 Uncommon trap: reason=class_check action=maybe_recompile pc=0x00000000022e2e10 method=java.util.HashMap.putVal(ILjava/lang/Object;Ljava/lang/Object;ZZ)Ljava/lang/Object; @ 203
Event: 2.106 Thread 0x0000000017714800 Uncommon trap: reason=bimorphic action=maybe_recompile pc=0x00000000022e2dd0 method=java.util.HashMap.putVal(ILjava/lang/Object;Ljava/lang/Object;ZZ)Ljava/lang/Object; @ 91

Internal exceptions (10 events):
Event: 0.179 Thread 0x0000000001fc0800 Exception <a 'java/io/FileNotFoundException'> (0x00000000eb8443d8) thrown at [C:\re\workspace\8-2-build-windows-amd64-cygwin\jdk8u45\3627\hotspot\src\share\vm\prims\jni.cpp, line 709]
Event: 0.285 Thread 0x0000000001fc0800 Exception <a 'java/lang/NoSuchFieldError': method resolution failed> (0x00000000eba55d40) thrown at [C:\re\workspace\8-2-build-windows-amd64-cygwin\jdk8u45\3627\hotspot\src\share\vm\prims\methodHandles.cpp, line 1125]
Event: 0.288 Thread 0x0000000001fc0800 Exception <a 'java/lang/NoSuchFieldError': method resolution failed> (0x00000000eba64750) thrown at [C:\re\workspace\8-2-build-windows-amd64-cygwin\jdk8u45\3627\hotspot\src\share\vm\prims\methodHandles.cpp, line 1125]
Event: 0.359 Thread 0x0000000001fc0800 Exception <a 'java/io/FileNotFoundException'> (0x00000000ebda5000) thrown at [C:\re\workspace\8-2-build-windows-amd64-cygwin\jdk8u45\3627\hotspot\src\share\vm\prims\jni.cpp, line 709]
Event: 0.773 Thread 0x0000000001fc0800 Implicit null exception at 0x00000000023980c0 to 0x00000000023982b1
Event: 1.539 Thread 0x0000000001fc0800 Implicit null exception at 0x0000000002451147 to 0x00000000024519e5
Event: 2.087 Thread 0x0000000001fc0800 Implicit null exception at 0x00000000023c1e96 to 0x00000000023c21cd
Event: 2.087 Thread 0x0000000001fc0800 Implicit null exception at 0x0000000002310296 to 0x00000000023105bd
Event: 2.091 Thread 0x0000000001fc0800 Implicit null exception at 0x000000000241b8d5 to 0x000000000241badd
Event: 2.091 Thread 0x0000000001fc0800 Implicit null exception at 0x00000000022d8918 to 0x00000000022d89a6

Events (10 events):
Event: 11.837 Executing VM operation: RevokeBias
Event: 11.837 Executing VM operation: RevokeBias done
Event: 11.838 Executing VM operation: RevokeBias
Event: 11.838 Executing VM operation: RevokeBias done
Event: 11.878 Executing VM operation: RevokeBias
Event: 11.879 Executing VM operation: RevokeBias done
Event: 12.613 loading class java/awt/LightweightDispatcher$2
Event: 12.613 loading class java/awt/LightweightDispatcher$2 done
Event: 12.626 Executing VM operation: RevokeBias
Event: 12.626 Executing VM operation: RevokeBias done


Dynamic libraries:
0x00007ff61a150000 - 0x00007ff61a187000 	C:\Program Files\Java\jdk1.8.0_45\bin\java.exe
0x00007ff985c10000 - 0x00007ff985dd1000 	C:\WINDOWS\SYSTEM32\ntdll.dll
0x00007ff9835d0000 - 0x00007ff98367d000 	C:\WINDOWS\system32\KERNEL32.DLL
0x00007ff982e20000 - 0x00007ff983008000 	C:\WINDOWS\system32\KERNELBASE.dll
0x00007ff983680000 - 0x00007ff983727000 	C:\WINDOWS\system32\ADVAPI32.dll
0x00007ff984ff0000 - 0x00007ff98508d000 	C:\WINDOWS\system32\msvcrt.dll
0x00007ff983510000 - 0x00007ff98356b000 	C:\WINDOWS\system32\sechost.dll
0x00007ff983010000 - 0x00007ff98312c000 	C:\WINDOWS\system32\RPCRT4.dll
0x00007ff9833b0000 - 0x00007ff983506000 	C:\WINDOWS\system32\USER32.dll
0x00007ff985740000 - 0x00007ff9858c6000 	C:\WINDOWS\system32\GDI32.dll
0x00007ff97d520000 - 0x00007ff97d794000 	C:\WINDOWS\WinSxS\amd64_microsoft.windows.common-controls_6595b64144ccf1df_6.0.10586.0_none_8c15ae12515e1c22\COMCTL32.dll
0x00007ff9854c0000 - 0x00007ff98573d000 	C:\WINDOWS\system32\combase.dll
0x00007ff982d20000 - 0x00007ff982d8a000 	C:\WINDOWS\system32\bcryptPrimitives.dll
0x00007ff9832e0000 - 0x00007ff98331b000 	C:\WINDOWS\system32\IMM32.DLL
0x00007ff982120000 - 0x00007ff982151000 	C:\Windows\system32\nvinitx.dll
0x00007ff982110000 - 0x00007ff98211a000 	C:\WINDOWS\SYSTEM32\VERSION.dll
0x0000000072bf0000 - 0x0000000072cc2000 	C:\Program Files\Java\jdk1.8.0_45\jre\bin\msvcr100.dll
0x0000000072cd0000 - 0x0000000073553000 	C:\Program Files\Java\jdk1.8.0_45\jre\bin\server\jvm.dll
0x00007ff9837e0000 - 0x00007ff9837e8000 	C:\WINDOWS\system32\PSAPI.DLL
0x00007ff976f30000 - 0x00007ff976f39000 	C:\WINDOWS\SYSTEM32\WSOCK32.dll
0x00007ff983320000 - 0x00007ff98338b000 	C:\WINDOWS\system32\WS2_32.dll
0x00007ff97d8d0000 - 0x00007ff97d8f3000 	C:\WINDOWS\SYSTEM32\WINMM.dll
0x00007ff97d870000 - 0x00007ff97d89c000 	C:\WINDOWS\SYSTEM32\WINMMBASE.dll
0x00007ff9823d0000 - 0x00007ff982413000 	C:\WINDOWS\system32\cfgmgr32.dll
0x0000000072ba0000 - 0x0000000072baf000 	C:\Program Files\Java\jdk1.8.0_45\jre\bin\verify.dll
0x0000000072b70000 - 0x0000000072b99000 	C:\Program Files\Java\jdk1.8.0_45\jre\bin\java.dll
0x0000000072b50000 - 0x0000000072b66000 	C:\Program Files\Java\jdk1.8.0_45\jre\bin\zip.dll
0x00007ff983960000 - 0x00007ff984ebc000 	C:\WINDOWS\system32\SHELL32.dll
0x00007ff9826d0000 - 0x00007ff982d14000 	C:\WINDOWS\system32\windows.storage.dll
0x00007ff983130000 - 0x00007ff983182000 	C:\WINDOWS\system32\shlwapi.dll
0x00007ff9822a0000 - 0x00007ff9822af000 	C:\WINDOWS\system32\kernel.appcore.dll
0x00007ff982440000 - 0x00007ff9824f5000 	C:\WINDOWS\system32\shcore.dll
0x00007ff982230000 - 0x00007ff98227b000 	C:\WINDOWS\system32\powrprof.dll
0x00007ff982280000 - 0x00007ff982294000 	C:\WINDOWS\system32\profapi.dll
0x0000000072970000 - 0x0000000072b08000 	C:\Program Files\Java\jdk1.8.0_45\jre\bin\awt.dll
0x00007ff984f20000 - 0x00007ff984fe1000 	C:\WINDOWS\system32\OLEAUT32.dll
0x00007ff9809d0000 - 0x00007ff980a49000 	C:\WINDOWS\system32\apphelp.dll
0x00007ff980b60000 - 0x00007ff980bf6000 	C:\WINDOWS\system32\uxtheme.dll
0x00007ff9837f0000 - 0x00007ff98394a000 	C:\WINDOWS\system32\MSCTF.dll
0x00007ff97d4f0000 - 0x00007ff97d512000 	C:\WINDOWS\system32\dwmapi.dll
0x00007ff983190000 - 0x00007ff9832d3000 	C:\WINDOWS\system32\ole32.dll
0x0000000070a10000 - 0x0000000070a17000 	C:\Program Files\Java\jdk1.8.0_45\jre\bin\jawt.dll
0x0000000001f50000 - 0x0000000001f8e000 	C:\Program Files\Java\jdk1.8.0_45\jre\bin\j3dcore-ogl.dll
0x00007ff96b3b0000 - 0x00007ff96b4d9000 	C:\WINDOWS\SYSTEM32\OPENGL32.dll
0x00007ff96b380000 - 0x00007ff96b3ae000 	C:\WINDOWS\SYSTEM32\GLU32.dll
0x00007ff96b280000 - 0x00007ff96b37a000 	C:\WINDOWS\SYSTEM32\DDRAW.dll
0x00007ff96cb90000 - 0x00007ff96cb98000 	C:\WINDOWS\SYSTEM32\DCIMAN32.dll
0x00007ff951940000 - 0x00007ff952173000 	C:\WINDOWS\SYSTEM32\ig7icd64.dll
0x00007ff97acc0000 - 0x00007ff97b11f000 	C:\WINDOWS\SYSTEM32\igdusc64.dll
0x00007ff980030000 - 0x00007ff980043000 	C:\WINDOWS\SYSTEM32\WTSAPI32.dll
0x00000000709d0000 - 0x0000000070a01000 	C:\Program Files\Java\jdk1.8.0_45\jre\bin\jpeg.dll
0x0000000072920000 - 0x0000000072967000 	C:\Program Files\Java\jdk1.8.0_45\jre\bin\fontmanager.dll
0x0000000072b30000 - 0x0000000072b4a000 	C:\Program Files\Java\jdk1.8.0_45\jre\bin\net.dll
0x00007ff981ab0000 - 0x00007ff981b0c000 	C:\WINDOWS\system32\mswsock.dll
0x0000000072b10000 - 0x0000000072b21000 	C:\Program Files\Java\jdk1.8.0_45\jre\bin\nio.dll
0x00000000728d0000 - 0x0000000072911000 	C:\Program Files\Java\jdk1.8.0_45\jre\bin\t2k.dll
0x00007ff96ae30000 - 0x00007ff96afbc000 	C:\WINDOWS\SYSTEM32\dbghelp.dll

VM Arguments:
jvm_args: -Dfile.encoding=UTF-8 
java_command: pkg3dchess.Main
java_class_path (initial): C:\Users\Jose\Desktop\practica2\3DChess\build\classes
Launcher Type: SUN_STANDARD

Environment Variables:
PATH=C:\ProgramData\Oracle\Java\javapath;C:\WINDOWS\system32;C:\WINDOWS;C:\WINDOWS\System32\Wbem;C:\WINDOWS\System32\WindowsPowerShell\v1.0\;C:\MinGW\bin;C:\Program Files (x86)\NVIDIA Corporation\PhysX\Common;C:\WINDOWS\system32;C:\WINDOWS;C:\WINDOWS\System32\Wbem;C:\WINDOWS\System32\WindowsPowerShell\v1.0\;C:\Program Files (x86)\Skype\Phone\;C:\WINDOWS\system32\config\systemprofile\.dnx\bin;C:\Program Files\Microsoft DNX\Dnvm\;C:\Program Files\Java\jdk1.8.0_45\bin
USERNAME=Jose
OS=Windows_NT
PROCESSOR_IDENTIFIER=Intel64 Family 6 Model 58 Stepping 9, GenuineIntel



---------------  S Y S T E M  ---------------

OS: Windows 10.0 , 64 bit Build 10586 (10.0.10586.0)

CPU:total 8 (4 cores per cpu, 2 threads per core) family 6 model 58 stepping 9, cmov, cx8, fxsr, mmx, sse, sse2, sse3, ssse3, sse4.1, sse4.2, popcnt, avx, aes, clmul, erms, ht, tsc, tscinvbit, tscinv

Memory: 4k page, physical 4077044k(610548k free), swap 10368500k(3174260k free)

vm_info: Java HotSpot(TM) 64-Bit Server VM (25.45-b02) for windows-amd64 JRE (1.8.0_45-b15), built on Apr 30 2015 12:40:44 by "java_re" with MS VC++ 10.0 (VS2010)

time: Mon May 23 12:36:51 2016
elapsed time: 13 seconds (0d 0h 0m 13s)

